<?xml version="1.0" encoding="UTF-8"?>
<testng-results ignored="0" total="3" passed="3" failed="0" skipped="0">
  <reporter-output>
  </reporter-output>
  <suite started-at="2019-05-12T14:54:12Z" name="Default suite" finished-at="2019-05-12T14:54:20Z" duration-ms="8037">
    <groups>
    </groups>
    <test started-at="2019-05-12T14:54:12Z" name="Default test" finished-at="2019-05-12T14:54:20Z" duration-ms="8037">
      <class name="test.intro.ParkingCalculatorTest">
        <test-method is-config="true" signature="init()[pri:0, instance:test.intro.ParkingCalculatorTest@32502377]" started-at="2019-05-12T14:54:12Z" name="init" finished-at="2019-05-12T14:54:15Z" duration-ms="3189" status="PASS">
          <reporter-output>
          </reporter-output>
        </test-method> <!-- init -->
        <test-method is-config="true" signature="init()[pri:0, instance:test.intro.ParkingCalculatorTest@32502377]" started-at="2019-05-12T14:54:12Z" name="init" finished-at="2019-05-12T14:54:15Z" duration-ms="3189" status="PASS">
          <reporter-output>
          </reporter-output>
        </test-method> <!-- init -->
        <test-method is-config="true" signature="init()[pri:0, instance:test.intro.ParkingCalculatorTest@32502377]" started-at="2019-05-12T14:54:12Z" name="init" finished-at="2019-05-12T14:54:15Z" duration-ms="3189" status="PASS">
          <reporter-output>
          </reporter-output>
        </test-method> <!-- init -->
        <test-method signature="test(java.lang.String, java.lang.String, java.lang.String, java.lang.String, java.lang.String, java.lang.String, java.lang.String, java.lang.String, java.lang.String)[pri:0, instance:test.intro.ParkingCalculatorTest@32502377]" started-at="2019-05-12T14:54:15Z" name="test" data-provider="testData" finished-at="2019-05-12T14:54:19Z" duration-ms="3850" status="PASS">
          <params>
            <param index="0">
              <value>
                <![CDATA[Economy Parking]]>
              </value>
            </param>
            <param index="1">
              <value>
                <![CDATA[13:00]]>
              </value>
            </param>
            <param index="2">
              <value>
                <![CDATA[AM]]>
              </value>
            </param>
            <param index="3">
              <value>
                <![CDATA[4/4/2019]]>
              </value>
            </param>
            <param index="4">
              <value>
                <![CDATA[21:00]]>
              </value>
            </param>
            <param index="5">
              <value>
                <![CDATA[AM]]>
              </value>
            </param>
            <param index="6">
              <value>
                <![CDATA[4/4/2019]]>
              </value>
            </param>
            <param index="7">
              <value>
                <![CDATA[$ 9.00]]>
              </value>
            </param>
            <param index="8">
              <value>
                <![CDATA[0 Days, 8 Hours, 0 Minutes]]>
              </value>
            </param>
          </params>
          <reporter-output>
          </reporter-output>
        </test-method> <!-- test -->
        <test-method signature="test(java.lang.String, java.lang.String, java.lang.String, java.lang.String, java.lang.String, java.lang.String, java.lang.String, java.lang.String, java.lang.String)[pri:0, instance:test.intro.ParkingCalculatorTest@32502377]" started-at="2019-05-12T14:54:15Z" name="test" data-provider="testData" finished-at="2019-05-12T14:54:18Z" duration-ms="3542" status="PASS">
          <params>
            <param index="0">
              <value>
                <![CDATA[Short-Term Parking]]>
              </value>
            </param>
            <param index="1">
              <value>
                <![CDATA[09:00]]>
              </value>
            </param>
            <param index="2">
              <value>
                <![CDATA[PM]]>
              </value>
            </param>
            <param index="3">
              <value>
                <![CDATA[4/4/2019]]>
              </value>
            </param>
            <param index="4">
              <value>
                <![CDATA[03:00]]>
              </value>
            </param>
            <param index="5">
              <value>
                <![CDATA[PM]]>
              </value>
            </param>
            <param index="6">
              <value>
                <![CDATA[4/10/2019]]>
              </value>
            </param>
            <param index="7">
              <value>
                <![CDATA[$ 156.00]]>
              </value>
            </param>
            <param index="8">
              <value>
                <![CDATA[5 Days, 18 Hours, 0 Minutes]]>
              </value>
            </param>
          </params>
          <reporter-output>
          </reporter-output>
        </test-method> <!-- test -->
        <test-method signature="test(java.lang.String, java.lang.String, java.lang.String, java.lang.String, java.lang.String, java.lang.String, java.lang.String, java.lang.String, java.lang.String)[pri:0, instance:test.intro.ParkingCalculatorTest@32502377]" started-at="2019-05-12T14:54:15Z" name="test" data-provider="testData" finished-at="2019-05-12T14:54:19Z" duration-ms="4182" status="PASS">
          <params>
            <param index="0">
              <value>
                <![CDATA[Short-Term Parking]]>
              </value>
            </param>
            <param index="1">
              <value>
                <![CDATA[09:00]]>
              </value>
            </param>
            <param index="2">
              <value>
                <![CDATA[PM]]>
              </value>
            </param>
            <param index="3">
              <value>
                <![CDATA[4/4/2019]]>
              </value>
            </param>
            <param index="4">
              <value>
                <![CDATA[03:00]]>
              </value>
            </param>
            <param index="5">
              <value>
                <![CDATA[PM]]>
              </value>
            </param>
            <param index="6">
              <value>
                <![CDATA[4/10/2019]]>
              </value>
            </param>
            <param index="7">
              <value>
                <![CDATA[$ 156.00]]>
              </value>
            </param>
            <param index="8">
              <value>
                <![CDATA[5 Days, 18 Hours, 0 Minutes]]>
              </value>
            </param>
          </params>
          <reporter-output>
          </reporter-output>
        </test-method> <!-- test -->
        <test-method is-config="true" signature="quit()[pri:0, instance:test.intro.ParkingCalculatorTest@32502377]" started-at="2019-05-12T14:54:18Z" name="quit" finished-at="2019-05-12T14:54:19Z" duration-ms="640" status="PASS">
          <reporter-output>
          </reporter-output>
        </test-method> <!-- quit -->
        <test-method is-config="true" signature="quit()[pri:0, instance:test.intro.ParkingCalculatorTest@32502377]" started-at="2019-05-12T14:54:19Z" name="quit" finished-at="2019-05-12T14:54:19Z" duration-ms="644" status="PASS">
          <reporter-output>
          </reporter-output>
        </test-method> <!-- quit -->
        <test-method is-config="true" signature="quit()[pri:0, instance:test.intro.ParkingCalculatorTest@32502377]" started-at="2019-05-12T14:54:19Z" name="quit" finished-at="2019-05-12T14:54:20Z" duration-ms="634" status="PASS">
          <reporter-output>
          </reporter-output>
        </test-method> <!-- quit -->
      </class> <!-- test.intro.ParkingCalculatorTest -->
    </test> <!-- Default test -->
  </suite> <!-- Default suite -->
</testng-results>
