<?xml version="1.0" encoding="UTF-8"?>
<testng-results ignored="0" total="1" passed="1" failed="0" skipped="0">
  <reporter-output>
  </reporter-output>
  <suite started-at="2019-05-16T18:48:59Z" name="Default suite" finished-at="2019-05-16T18:49:13Z" duration-ms="13808">
    <groups>
    </groups>
    <test started-at="2019-05-16T18:48:59Z" name="Default test" finished-at="2019-05-16T18:49:13Z" duration-ms="13808">
      <class name="test.tests.basic.DeleteCommentTest">
        <test-method is-config="true" signature="initTest()[pri:0, instance:test.tests.basic.DeleteCommentTest@23c30a20]" started-at="2019-05-16T18:48:59Z" name="initTest" finished-at="2019-05-16T18:48:59Z" duration-ms="359" status="PASS">
          <reporter-output>
          </reporter-output>
        </test-method> <!-- initTest -->
        <test-method is-config="true" signature="prepareTest()[pri:0, instance:test.tests.basic.DeleteCommentTest@23c30a20]" started-at="2019-05-16T18:48:59Z" name="prepareTest" finished-at="2019-05-16T18:49:03Z" duration-ms="3693" status="PASS">
          <reporter-output>
          </reporter-output>
        </test-method> <!-- prepareTest -->
        <test-method signature="deleteCommentTest()[pri:0, instance:test.tests.basic.DeleteCommentTest@23c30a20]" started-at="2019-05-16T18:49:03Z" name="deleteCommentTest" finished-at="2019-05-16T18:49:12Z" duration-ms="9061" status="PASS">
          <reporter-output>
          </reporter-output>
        </test-method> <!-- deleteCommentTest -->
        <test-method is-config="true" signature="afterMethod(org.testng.ITestResult)[pri:0, instance:test.tests.basic.DeleteCommentTest@23c30a20]" started-at="2019-05-16T18:49:12Z" name="afterMethod" finished-at="2019-05-16T18:49:13Z" duration-ms="673" status="PASS">
          <params>
            <param index="0">
              <value>
                <![CDATA[[TestResult name=deleteCommentTest status=SUCCESS method=DeleteCommentTest.deleteCommentTest()[pri:0, instance:test.tests.basic.DeleteCommentTest@23c30a20] output={null}]]]>
              </value>
            </param>
          </params>
          <reporter-output>
          </reporter-output>
        </test-method> <!-- afterMethod -->
      </class> <!-- test.tests.basic.DeleteCommentTest -->
    </test> <!-- Default test -->
  </suite> <!-- Default suite -->
</testng-results>
