<?xml version="1.0" encoding="UTF-8"?>
<!-- Generated by org.testng.reporters.JUnitXMLReporter -->
<testsuite ignored="0" hostname="DESKTOP-M2D5Q7M" failures="0" tests="3" name="Default test" time="8.037" errors="0" timestamp="12 мая 2019 14:54:20 GMT">
  <testcase classname="test.intro.ParkingCalculatorTest" name="test" time="3.542"/>
  <testcase classname="test.intro.ParkingCalculatorTest" name="test" time="3.85"/>
  <testcase classname="test.intro.ParkingCalculatorTest" name="test" time="4.182"/>
</testsuite> <!-- Default test -->
