<?xml version="1.0" encoding="UTF-8"?>
<testng-results ignored="0" total="1" passed="1" failed="0" skipped="0">
  <reporter-output>
  </reporter-output>
  <suite started-at="2019-05-01T17:45:57Z" name="Default suite" finished-at="2019-05-01T17:46:15Z" duration-ms="18151">
    <groups>
    </groups>
    <test started-at="2019-05-01T17:45:57Z" name="Default test" finished-at="2019-05-01T17:46:15Z" duration-ms="18151">
      <class name="md.usm.automation.tests.MakeArticleStickyTest">
        <test-method is-config="true" signature="loginWithDefaultUser()[pri:0, instance:md.usm.automation.tests.MakeArticleStickyTest@72c927f1]" started-at="2019-05-01T17:45:57Z" name="loginWithDefaultUser" finished-at="2019-05-01T17:46:06Z" duration-ms="8639" status="PASS">
          <reporter-output>
          </reporter-output>
        </test-method> <!-- loginWithDefaultUser -->
        <test-method signature="makeArticleSticky()[pri:0, instance:md.usm.automation.tests.MakeArticleStickyTest@72c927f1]" started-at="2019-05-01T17:46:06Z" name="makeArticleSticky" finished-at="2019-05-01T17:46:15Z" duration-ms="8810" status="PASS">
          <reporter-output>
          </reporter-output>
        </test-method> <!-- makeArticleSticky -->
        <test-method is-config="true" signature="quit()[pri:0, instance:md.usm.automation.tests.MakeArticleStickyTest@72c927f1]" started-at="2019-05-01T17:46:15Z" name="quit" finished-at="2019-05-01T17:46:15Z" duration-ms="670" status="PASS">
          <reporter-output>
          </reporter-output>
        </test-method> <!-- quit -->
      </class> <!-- md.usm.automation.tests.MakeArticleStickyTest -->
    </test> <!-- Default test -->
  </suite> <!-- Default suite -->
</testng-results>
